<?xml version="1.0" encoding="UTF-8"?>
<!-- Generated by org.testng.reporters.JUnitXMLReporter -->
<testsuite ignored="9" hostname="LAPTOP-OJVJ8R96" failures="0" tests="1" name="Default test" time="11.564" errors="0" timestamp="2021-06-22T09:28:20 IST">
  <testcase classname="testPackage.HomePageTest" name="openUrl" time="9.883"/>
  <testcase classname="testPackage.HomePageTest" name="validateByCompanyNameInDescendingOrder" time="0.0">
    <ignored/>
  </testcase> <!-- validateByCompanyNameInDescendingOrder -->
  <testcase classname="testPackage.HomePageTest" name="validateByDiscontinuedInDateInAscendingOrder" time="0.0">
    <ignored/>
  </testcase> <!-- validateByDiscontinuedInDateInAscendingOrder -->
  <testcase classname="testPackage.HomePageTest" name="validateByComputerNameInAscendingOrder" time="0.0">
    <ignored/>
  </testcase> <!-- validateByComputerNameInAscendingOrder -->
  <testcase classname="testPackage.HomePageTest" name="validateByDiscontinuedInDateInDescendingOrder" time="0.0">
    <ignored/>
  </testcase> <!-- validateByDiscontinuedInDateInDescendingOrder -->
  <testcase classname="testPackage.HomePageTest" name="filterResults" time="0.0">
    <ignored/>
  </testcase> <!-- filterResults -->
  <testcase classname="testPackage.HomePageTest" name="validateByComputerNameInDescendingOrder" time="0.0">
    <ignored/>
  </testcase> <!-- validateByComputerNameInDescendingOrder -->
  <testcase classname="testPackage.HomePageTest" name="validateByIntroducedInDateInAscendingOrder" time="0.0">
    <ignored/>
  </testcase> <!-- validateByIntroducedInDateInAscendingOrder -->
  <testcase classname="testPackage.HomePageTest" name="validateByIntroducedInDateInDescendingOrder" time="0.0">
    <ignored/>
  </testcase> <!-- validateByIntroducedInDateInDescendingOrder -->
  <testcase classname="testPackage.HomePageTest" name="validateByCompanyNameInAscendingOrder" time="0.0">
    <ignored/>
  </testcase> <!-- validateByCompanyNameInAscendingOrder -->
</testsuite> <!-- Default test -->
