<?xml version="1.0" encoding="UTF-8"?>
<!-- Generated by org.testng.reporters.JUnitXMLReporter -->
<testsuite ignored="0" hostname="LAPTOP-OJVJ8R96" failures="2" tests="14" name="Test" time="139.441" errors="0" timestamp="2021-06-22T09:22:16 IST">
  <testcase classname="testPackage.HomePageTest" name="filterResults" time="11.077"/>
  <testcase classname="testPackage.HomePageTest" name="validateByCompanyNameInAscendingOrder" time="9.458"/>
  <testcase classname="testPackage.HomePageTest" name="validateByCompanyNameInDescendingOrder" time="10.3"/>
  <testcase classname="testPackage.HomePageTest" name="validateByComputerNameInAscendingOrder" time="7.294"/>
  <testcase classname="testPackage.HomePageTest" name="validateByComputerNameInDescendingOrder" time="8.963"/>
  <testcase classname="testPackage.HomePageTest" name="validateByDiscontinuedInDateInAscendingOrder" time="8.656">
    <failure type="java.text.ParseException" message="Unparseable date: &amp;quot;-&amp;quot;">
      <![CDATA[java.text.ParseException: Unparseable date: "-"
at java.base/java.text.DateFormat.parse(DateFormat.java:396)
at testPackage.HomePageTest.validateByDiscontinuedInDateInAscendingOrder(HomePageTest.java:158)
at java.base/java.util.ArrayList.forEach(ArrayList.java:1511)
... Removed 27 stack frames]]>
    </failure>
  </testcase> <!-- validateByDiscontinuedInDateInAscendingOrder -->
  <testcase classname="testPackage.HomePageTest" name="validateByDiscontinuedInDateInDescendingOrder" time="9.769"/>
  <testcase classname="testPackage.HomePageTest" name="validateByIntroducedInDateInAscendingOrder" time="7.577">
    <failure type="java.text.ParseException" message="Unparseable date: &amp;quot;-&amp;quot;">
      <![CDATA[java.text.ParseException: Unparseable date: "-"
at java.base/java.text.DateFormat.parse(DateFormat.java:396)
at testPackage.HomePageTest.validateByIntroducedInDateInAscendingOrder(HomePageTest.java:115)
at java.base/java.util.ArrayList.forEach(ArrayList.java:1511)
... Removed 27 stack frames]]>
    </failure>
  </testcase> <!-- validateByIntroducedInDateInAscendingOrder -->
  <testcase classname="testPackage.HomePageTest" name="validateByIntroducedInDateInDescendingOrder" time="9.757"/>
  <testcase classname="testPackage.AddNewComputerTest" name="createNewComputer" time="10.943"/>
  <testcase classname="testPackage.AddNewComputerTest" name="createNewComputerValidation" time="11.472"/>
  <testcase classname="testPackage.AddNewComputerTest" name="discontinuedDateValidation" time="11.098"/>
  <testcase classname="testPackage.AddNewComputerTest" name="introducedDateValidation" time="10.799"/>
  <testcase classname="testPackage.AddNewComputerTest" name="validateCancelButton" time="12.129"/>
</testsuite> <!-- Test -->
