<?xml version="1.0" encoding="UTF-8"?>
<testng-results ignored="9" total="10" passed="1" failed="0" skipped="0">
  <reporter-output>
  </reporter-output>
  <suite started-at="2021-06-22T09:28:08 IST" name="Default suite" finished-at="2021-06-22T09:28:20 IST" duration-ms="11564">
    <groups>
      <group name="regression">
        <method signature="HomePageTest.openUrl()[pri:0, instance:testPackage.HomePageTest@393671df]" name="openUrl" class="testPackage.HomePageTest"/>
      </group> <!-- regression -->
      <group name="smoke">
        <method signature="HomePageTest.openUrl()[pri:0, instance:testPackage.HomePageTest@393671df]" name="openUrl" class="testPackage.HomePageTest"/>
      </group> <!-- smoke -->
    </groups>
    <test started-at="2021-06-22T09:28:08 IST" name="Default test" finished-at="2021-06-22T09:28:20 IST" duration-ms="11564">
      <class name="testPackage.HomePageTest">
        <test-method signature="openUrl()[pri:0, instance:testPackage.HomePageTest@393671df]" started-at="2021-06-22T09:28:09 IST" name="openUrl" finished-at="2021-06-22T09:28:18 IST" duration-ms="9883" status="PASS">
          <reporter-output>
          </reporter-output>
        </test-method> <!-- openUrl -->
        <test-method is-config="true" signature="closeTab()[pri:0, instance:testPackage.HomePageTest@393671df]" started-at="2021-06-22T09:28:18 IST" name="closeTab" finished-at="2021-06-22T09:28:20 IST" duration-ms="1597" status="PASS">
          <reporter-output>
          </reporter-output>
        </test-method> <!-- closeTab -->
      </class> <!-- testPackage.HomePageTest -->
    </test> <!-- Default test -->
  </suite> <!-- Default suite -->
</testng-results>
